19351015
16
19351016
17
19351017
18
19351018
19
19351019
20
19351020
21
19351021
22
19351022
23
19351023
24
19351024
25
19351025
26
19351026
27
19351027
28
19351028
29
19351029
30
19351030
31
19351031
1
1935101
2
1935102
3
1935103
4
1935104
5
1935105
6
1935106
7
1935107
8
1935108
9
1935109
10
19351010
11
19351011
12
19351012
13
19351013
14
19351014
15
19351015
16
19351016
17
19351017
18
19351018
19
19351019
20
19351020
21
19351021
22
19351022
23
19351023
24
19351024
25
19351025
26
19351026
27
19351027
28
19351028
29
19351029
30
19351030
31
19351031
1
1935101
2
1935102
3
1935103
4
1935104
5
1935105
6
1935106
7
1935107
8
1935108
9
1935109
10
19351010
11
19351011
12
19351012
13
19351013
14
19351014
15
19351015
16
19351016
17
19351017
18
19351018
19
19351019
20
19351020
21
19351021
22
19351022
23
19351023
24
19351024
25
19351025
26
19351026
27
19351027
28
19351028
29
19351029
30
19351030
31
19351031
1
1935101
2
1935102
3
1935103
4
1935104
5
1935105
6
1935106
7
1935107
8
1935108
9
1935109
10
19351010
11
19351011
12
19351012
13
19351013
14
19351014
15
19351015
16
19351016
17
19351017
18
19351018
19
19351019
20
19351020
21
19351021
22
19351022
23
19351023
24
19351024
25
19351025
26
19351026
27
19351027
28
19351028
29
19351029
30
19351030
31
19351031
1
1935101
2
1935102
3
1935103
4
1935104
5
1935105
6
1935106
7
1935107
8
1935108
9
1935109
10
19351010
11
19351011
12
19351012
13
19351013
14
19351014
15
19351015
16
19351016
17
19351017
18
19351018
19
19351019
20
19351020
21
19351021
22
19351022
23
19351023
24
19351024
25
19351025
26
19351026
27
19351027
28
19351028
29
19351029
30
19351030
31
19351031
1
1935101
2
1935102
3
1935103
4
1935104
5
1935105
6
1935106
7
1935107
8
1935108
9
1935109
10
19351010
11
19351011
12
19351012
13
19351013
14
19351014
15
19351015
16
19351016
17
19351017
18
19351018
19
19351019
20
19351020
21
19351021
22
19351022
23
19351023
24
19351024
25
19351025
26
19351026
27
19351027
28
19351028
29
19351029
30
19351030
31
19351031
1
1935101
2
1935102
3
1935103
4
1935104
5
1935105
6
1935106
7
1935107
8
1935108
9
1935109
10
19351010
11
19351011
12
19351012
13
19351013
14
19351014
15
19351015
16
19351016
17
19351017
18
19351018
19
19351019
20
19351020
21
19351021
22
19351022
23
19351023
24
19351024
25
19351025
26
19351026
27
19351027
28
19351028
29
19351029
30
19351030
31
19351031
1
1935101
2
1935102
3
1935103
4
1935104
5
1935105
6
1935106
7
1935107
8
1935108
9
1935109
10
19351010
11
19351011
12
19351012
13
19351013
14
19351014
15
19351015
16
19351016
17
19351017
18
19351018
19
19351019
20
19351020
21
19351021
22
19351022
23
19351023
24
19351024
25
19351025
26
19351026
27
19351027
28
19351028
29
19351029
30
19351030
31
19351031
1
1935101
2
1935102
3
1935103
4
1935104
5
1935105
6
1935106
7
1935107
8
1935108
9
1935109
10
19351010
11
19351011
12
19351012
13
19351013
14
19351014
15
19351015
16
19351016
17
19351017
18
19351018
19
19351019
20
19351020
21
19351021
22
19351022
23
19351023
24
19351024
25
19351025
26
19351026
27
19351027
28
19351028
29
19351029
30
19351030
31
19351031
1
1935101
2
1935102
3
1935103
4
1935104
5
1935105
6
1935106
7
1935107
8
1935108
9
1935109
10
19351010
11
19351011
12
19351012
13
19351013
14
19351014
15
19351015
16
19351016
17
19351017
18
19351018
19
19351019
20
19351020
21
19351021
22
19351022
23
19351023
24
19351024
25
19351025
26
19351026
27
19351027
28
19351028
29
19351029
30
19351030
31
19351031
1
1935101
2
1935102
3
1935103
4
1935104
5
1935105
6
1935106
7
1935107
8
1935108
9
1935109
10
19351010
11
19351011
12
19351012
13
19351013
14
19351014
15
19351015
16
19351016
17
19351017
18
19351018
19
19351019
20
19351020
21
19351021
22
19351022
23
19351023
24
19351024
25
19351025
26
19351026
27
19351027
28
19351028
29
19351029
30
19351030
31
19351031
1
1935101
2
1935102
3
1935103
4
1935104
5
1935105
6
1935106
7
1935107
8
1935108
9
1935109
10
19351010
11
19351011
12
19351012
13
19351013
14
19351014
15
19351015
16
19351016
17
19351017
18
19351018
19
19351019
20
19351020
21
19351021
22
19351022
23
19351023
24
19351024
25
19351025
26
19351026
27
19351027
28
19351028
29
19351029
30
19351030
31
19351031
1
1935101
2
1935102
3
1935103
4
1935104
5
1935105
6
1935106
7
1935107
8
1935108
9
1935109
10
19351010
11
19351011
12
19351012
13
19351013
14
19351014
15
19351015
16
19351016
17
19351017
18
19351018
19
19351019
20
19351020
21
19351021
22
19351022
23
19351023
24
19351024
25
19351025
26
19351026
27
19351027
28
19351028
29
19351029
30
19351030
31
19351031
1
1935101
2
1935102
3
1935103
4
1935104
5
1935105
6
1935106
7
1935107
8
1935108
9
1935109
10
19351010
11
19351011
12
19351012
13
19351013
14
19351014
15
19351015
16
19351016
17
19351017
18
19351018
19
19351019
20
19351020
21
19351021
22
19351022
23
19351023
24
19351024
25
19351025
26
19351026
27
19351027
28
19351028
29
19351029
30
19351030
31
19351031
1
1935101
2
1935102
3
1935103
4
1935104
5
1935105
6
1935106
7
1935107
8
1935108
9
1935109
10
19351010
11
19351011
12
19351012
13
19351013
14
19351014
15
19351015
16
19351016
17
19351017
18
19351018
19
19351019
20
19351020
21
19351021
22
19351022
23
19351023
24
19351024
25
19351025
26
19351026
27
19351027
28
19351028
29
19351029
30
19351030
31
19351031
1
1935101
2
1935102
3
1935103
4
1935104
5
1935105
6
1935106
7
1935107
8
1935108
9
1935109
10
19351010
11
19351011
12
19351012
13
19351013
14
19351014
15
19351015
16
19351016
17
19351017
18
19351018
19
19351019
20
19351020
21
19351021
22
19351022
23
19351023
24
19351024
25
19351025
26
19351026
27
19351027
28
19351028
29
19351029
30
19351030
31
19351031
1
1935101
2
1935102
3
1935103
4
1935104
5
1935105
6
1935106
7
1935107
8
1935108
9
1935109
10
19351010
11
19351011
12
19351012
13
19351013
14
19351014
15
19351015
16
19351016
17
19351017
18
19351018
19
19351019
20
19351020
21
19351021
22
19351022
23
19351023
24
19351024
25
19351025
26
19351026
27
19351027
28
19351028
29
19351029
30
19351030
31
19351031
1
1935101
2
1935102
3
1935103
4
1935104
5
1935105
6
1935106
7
1935107
8
1935108
9
1935109
10
19351010
11
19351011
12
19351012
13
19351013
14
19351014
15
19351015
16
19351016
17
19351017
18
19351018
19
19351019
20
19351020
21
19351021
22
19351022
23
19351023
24
19351024
25
19351025
26
19351026
27
19351027
28
19351028
29
19351029
30
19351030
31
19351031
1
1935101
2
1935102
3
1935103
4
1935104
5
1935105
6
1935106
7
1935107
8
1935108
9
1935109
10
19351010
11
19351011
12
19351012
13
19351013
14
19351014
15
19351015
16
19351016
17
19351017
18
19351018
19
19351019
20
19351020
21
19351021
22
19351022
23
19351023
24
19351024
25
19351025
26
19351026
27
19351027
28
19351028
29
19351029
30
19351030
31
19351031
1
1935101
2
1935102
3
1935103
4
1935104
5
1935105
6
1935106
7
1935107
8
1935108
9
1935109
10
19351010
11
19351011
12
19351012
13
19351013
14
19351014
15
19351015
16
19351016
17
19351017
18
19351018
19
19351019
20
19351020
21
19351021
22
19351022
23
19351023
24
19351024
25
19351025
26
19351026
27
19351027
28
19351028
29
19351029
30
19351030
31
19351031
1
1935101
2
1935102
3
1935103
4
1935104
5
1935105
6
1935106
7
1935107
8
1935108
9
1935109
10
19351010
11
19351011
12
19351012
13
19351013
14
19351014
15
19351015
16
19351016
17
19351017
18
